Temp/gradleOut/unityLibrary/build/intermediates/manifest_merge_blame_file/release/manifest-merger-blame-release-report.txt
1<?xml version="1.0" encoding="utf-8"?>
2<manifest xmlns:android="http://schemas.android.com/apk/res/android"
3    package="com.unity3d.player"
4    android:versionCode="1"
5    android:versionName="0.1" >
6
7    <uses-sdk
7-->src/main/AndroidManifest.xml:3:3-45
8        android:minSdkVersion="24"
8-->src/main/AndroidManifest.xml:3:3-45
9        android:targetSdkVersion="29" />
9-->src/main/AndroidManifest.xml:3:13-42
10
11    <uses-permission android:name="android.permission.CAMERA" />
11-->src/main/AndroidManifest.xml:4:3-63
11-->src/main/AndroidManifest.xml:4:20-60
12    <uses-permission android:name="android.permission.WRITE_EXTERNAL_STORAGE" />
12-->src/main/AndroidManifest.xml:5:3-79
12-->src/main/AndroidManifest.xml:5:20-76
13    <uses-permission android:name="android.permission.INTERNET" />
13-->src/main/AndroidManifest.xml:6:3-65
13-->src/main/AndroidManifest.xml:6:20-62
14    <!-- Tell the system this app requires OpenGL ES 2.0. -->
15    <uses-feature
15-->src/main/AndroidManifest.xml:8:3-76
16        android:glEsVersion="0x00020000"
16-->src/main/AndroidManifest.xml:8:17-49
17        android:required="true" />
17-->src/main/AndroidManifest.xml:8:50-73
18    <!-- rear facing cam -->
19    <uses-feature
19-->src/main/AndroidManifest.xml:10:3-82
20        android:name="android.hardware.camera"
20-->src/main/AndroidManifest.xml:10:17-55
21        android:required="true" />
21-->src/main/AndroidManifest.xml:10:56-79
22    <!-- do not support small resolution screens -->
23    <supports-screens
23-->src/main/AndroidManifest.xml:12:3-163
24        android:anyDensity="true"
24-->src/main/AndroidManifest.xml:12:21-46
25        android:largeScreens="true"
25-->src/main/AndroidManifest.xml:12:47-74
26        android:normalScreens="true"
26-->src/main/AndroidManifest.xml:12:75-103
27        android:smallScreens="true"
27-->src/main/AndroidManifest.xml:12:104-131
28        android:xlargeScreens="true" />
28-->src/main/AndroidManifest.xml:12:132-160
29
30    <uses-feature
30-->src/main/AndroidManifest.xml:27:3-93
31        android:name="android.hardware.camera.autofocus"
31-->src/main/AndroidManifest.xml:27:17-65
32        android:required="false" />
32-->src/main/AndroidManifest.xml:27:66-90
33    <uses-feature
33-->src/main/AndroidManifest.xml:28:3-89
34        android:name="android.hardware.camera.front"
34-->src/main/AndroidManifest.xml:28:17-61
35        android:required="false" />
35-->src/main/AndroidManifest.xml:28:62-86
36    <uses-feature
36-->src/main/AndroidManifest.xml:29:3-88
37        android:name="android.hardware.touchscreen"
37-->src/main/AndroidManifest.xml:29:17-60
38        android:required="false" />
38-->src/main/AndroidManifest.xml:29:61-85
39    <uses-feature
39-->src/main/AndroidManifest.xml:30:3-99
40        android:name="android.hardware.touchscreen.multitouch"
40-->src/main/AndroidManifest.xml:30:17-71
41        android:required="false" />
41-->src/main/AndroidManifest.xml:30:72-96
42    <uses-feature
42-->src/main/AndroidManifest.xml:31:3-108
43        android:name="android.hardware.touchscreen.multitouch.distinct"
43-->src/main/AndroidManifest.xml:31:17-80
44        android:required="false" />
44-->src/main/AndroidManifest.xml:31:81-105
45
46    <application
46-->src/main/AndroidManifest.xml:13:3-26:17
47        android:icon="@mipmap/app_icon"
47-->src/main/AndroidManifest.xml:13:49-80
48        android:label="@string/app_name" >
48-->src/main/AndroidManifest.xml:13:16-48
49        <activity
49-->src/main/AndroidManifest.xml:14:5-20:16
50            android:name="com.unity3d.player.UnityPlayerActivity"
50-->src/main/AndroidManifest.xml:14:15-68
51            android:configChanges="mcc|mnc|locale|touchscreen|keyboard|keyboardHidden|navigation|orientation|screenLayout|uiMode|screenSize|smallestScreenSize|fontScale|layoutDirection|density"
51-->src/main/AndroidManifest.xml:14:140-321
52            android:hardwareAccelerated="false"
52-->src/main/AndroidManifest.xml:14:322-357
53            android:launchMode="singleTask"
53-->src/main/AndroidManifest.xml:14:108-139
54            android:screenOrientation="fullSensor" >
54-->src/main/AndroidManifest.xml:14:69-107
55            <intent-filter>
55-->src/main/AndroidManifest.xml:15:7-18:23
56                <action android:name="android.intent.action.MAIN" />
56-->src/main/AndroidManifest.xml:16:9-61
56-->src/main/AndroidManifest.xml:16:17-58
57
58                <category android:name="android.intent.category.LAUNCHER" />
58-->src/main/AndroidManifest.xml:17:9-69
58-->src/main/AndroidManifest.xml:17:19-66
59            </intent-filter>
60
61            <meta-data
61-->src/main/AndroidManifest.xml:19:7-78
62                android:name="android.notch_support"
62-->src/main/AndroidManifest.xml:19:18-54
63                android:value="true" />
63-->src/main/AndroidManifest.xml:19:55-75
64        </activity>
65
66        <meta-data
66-->src/main/AndroidManifest.xml:21:5-77
67            android:name="com.google.ar.core"
67-->src/main/AndroidManifest.xml:21:16-49
68            android:value="optional" />
68-->src/main/AndroidManifest.xml:21:50-74
69        <meta-data
69-->src/main/AndroidManifest.xml:22:5-69
70            android:name="unity.splash-mode"
70-->src/main/AndroidManifest.xml:22:16-48
71            android:value="0" />
71-->src/main/AndroidManifest.xml:22:49-66
72        <meta-data
72-->src/main/AndroidManifest.xml:23:5-74
73            android:name="unity.splash-enable"
73-->src/main/AndroidManifest.xml:23:16-50
74            android:value="True" />
74-->src/main/AndroidManifest.xml:23:51-71
75        <meta-data
75-->src/main/AndroidManifest.xml:24:5-81
76            android:name="notch.config"
76-->src/main/AndroidManifest.xml:24:16-43
77            android:value="portrait|landscape" />
77-->src/main/AndroidManifest.xml:24:44-78
78        <meta-data
78-->src/main/AndroidManifest.xml:25:5-101
79            android:name="unity.build-id"
79-->src/main/AndroidManifest.xml:25:16-45
80            android:value="1113b9ba-a411-4619-bad9-aa655f0810e8" />
80-->src/main/AndroidManifest.xml:25:46-98
81    </application>
82
83</manifest>